<?xml version="1.0" encoding="UTF-8"?>
<testsuite name="tracker.SampleTest" tests="1" skipped="0" failures="0" errors="0" timestamp="2023-01-11T06:04:49" hostname="DESKTOP-18HC525" time="0.039">
  <properties/>
  <testcase name="test()" classname="tracker.SampleTest" time="0.039"/>
  <system-out><![CDATA[]]></system-out>
  <system-err><![CDATA[]]></system-err>
</testsuite>
